#
# There is insufficient memory for the Java Runtime Environment to continue.
# Native memory allocation (mmap) failed to map 532676608 bytes for Failed to commit area from 0x0000000604a00000 to 0x0000000624600000 of length 532676608.
# Possible reasons:
#   The system is out of physical RAM or swap space
#   The process is running with CompressedOops enabled, and the Java Heap may be blocking the growth of the native heap
# Possible solutions:
#   Reduce memory load on the system
#   Increase physical memory or swap space
#   Check if swap backing store is full
#   Decrease Java heap size (-Xmx/-Xms)
#   Decrease number of Java threads
#   Decrease Java thread stack sizes (-Xss)
#   Set larger code cache with -XX:ReservedCodeCacheSize=
# This output file may be truncated or incomplete.
#
#  Out of Memory Error (./src/hotspot/os/windows/os_windows.cpp:3386), pid=28460, tid=26204
#
# JRE version:  (11.0.16.1+1) (build )
# Java VM: OpenJDK 64-Bit Server VM (11.0.16.1+1-LTS, mixed mode, sharing, tiered, compressed oops, g1 gc, windows-amd64)
# No core dump will be written. Minidumps are not enabled by default on client versions of Windows
#

---------------  S U M M A R Y ------------

Command Line: 

Host: 11th Gen Intel(R) Core(TM) i5-11400H @ 2.70GHz, 12 cores, 31G,  Windows 11 , 64 bit Build 22621 (10.0.22621.3374)
Time: Tue May 14 03:45:59 2024 RTZ 2 (s 11 , 64 bit Build 22621 (10.0.22621.3374) elapsed time: 0.007729 seconds (0d 0h 0m 0s)

---------------  T H R E A D  ---------------

Current thread (0x0000024df768d000):  JavaThread "Unknown thread" [_thread_in_vm, id=26204, stack(0x000000a1b8f00000,0x000000a1b9000000)]

Stack: [0x000000a1b8f00000,0x000000a1b9000000]
Native frames: (J=compiled Java code, j=interpreted, Vv=VM code, C=native code)
V  [jvm.dll+0x62652a]
V  [jvm.dll+0x7b3249]
V  [jvm.dll+0x7b4938]
V  [jvm.dll+0x7b5013]
V  [jvm.dll+0x24fca8]
V  [jvm.dll+0x62383a]
V  [jvm.dll+0x617fe5]
V  [jvm.dll+0x307bac]
V  [jvm.dll+0x307a32]
V  [jvm.dll+0x30c746]
V  [jvm.dll+0x352b9f]
V  [jvm.dll+0x3525d0]
V  [jvm.dll+0x2e4ba8]
V  [jvm.dll+0x2e5d06]
V  [jvm.dll+0x78d097]
V  [jvm.dll+0x78e81f]
V  [jvm.dll+0x35f8e9]
V  [jvm.dll+0x770000]
V  [jvm.dll+0x3cd40f]
V  [jvm.dll+0x3cf7a1]
C  [jli.dll+0x5207]
C  [ucrtbase.dll+0x29333]
C  [KERNEL32.DLL+0x1257d]
C  [ntdll.dll+0x5aa48]


---------------  P R O C E S S  ---------------

Threads class SMR info:
_java_thread_list=0x0000024df5573810, length=0, elements={
}

Java Threads: ( => current thread )

Other Threads:
  0x0000024df76a8000 GCTaskThread "GC Thread#0" [stack: 0x000000a1b9000000,0x000000a1b9100000] [id=34396]
  0x0000024df7727000 ConcurrentGCThread "G1 Main Marker" [stack: 0x000000a1b9100000,0x000000a1b9200000] [id=41440]
  0x0000024df7728800 ConcurrentGCThread "G1 Conc#0" [stack: 0x000000a1b9200000,0x000000a1b9300000] [id=44100]

[error occurred during error reporting (printing all threads), id 0xc0000005, EXCEPTION_ACCESS_VIOLATION (0xc0000005) at pc=0x00007fff61234377]

VM state:not at safepoint (not fully initialized)

VM Mutex/Monitor currently owned by a thread:  ([mutex/lock_event])
[0x0000024df768a290] Heap_lock - owner thread: 0x0000024df768d000

Heap address: 0x0000000604a00000, size: 8118 MB, Compressed Oops mode: Non-zero based: 0x0000000604a00000
Narrow klass base: 0x0000000000000000, Narrow klass shift: 0

GC Heap History (0 events):
No events

Deoptimization events (0 events):
No events

Classes redefined (0 events):
No events

Internal exceptions (0 events):
No events

Events (1 events):
Event: 0.005 Loaded shared library C:\Program Files\Microsoft\jdk-11.0.16.101-hotspot\bin\zip.dll


Dynamic libraries:
0x00007ff7856a0000 - 0x00007ff7856ad000 	C:\Program Files\Microsoft\jdk-11.0.16.101-hotspot\bin\java.exe
0x00007ff8e0fd0000 - 0x00007ff8e11e6000 	C:\WINDOWS\SYSTEM32\ntdll.dll
0x00007ff8dfd60000 - 0x00007ff8dfe24000 	C:\WINDOWS\System32\KERNEL32.DLL
0x00007ff8de7b0000 - 0x00007ff8deb57000 	C:\WINDOWS\System32\KERNELBASE.dll
0x00007ff8de2f0000 - 0x00007ff8de401000 	C:\WINDOWS\System32\ucrtbase.dll
0x00007fffecba0000 - 0x00007fffecbb5000 	C:\Program Files\Microsoft\jdk-11.0.16.101-hotspot\bin\VCRUNTIME140.dll
0x00007ff80d5e0000 - 0x00007ff80d5f7000 	C:\Program Files\Microsoft\jdk-11.0.16.101-hotspot\bin\jli.dll
0x00007ff8e0730000 - 0x00007ff8e08de000 	C:\WINDOWS\System32\USER32.dll
0x00007ff8ca090000 - 0x00007ff8ca323000 	C:\WINDOWS\WinSxS\amd64_microsoft.windows.common-controls_6595b64144ccf1df_6.0.22621.3235_none_270f74e173860f98\COMCTL32.dll
0x00007ff8de2c0000 - 0x00007ff8de2e6000 	C:\WINDOWS\System32\win32u.dll
0x00007ff8e0670000 - 0x00007ff8e0717000 	C:\WINDOWS\System32\msvcrt.dll
0x00007ff8e02d0000 - 0x00007ff8e02f9000 	C:\WINDOWS\System32\GDI32.dll
0x00007ff8de5f0000 - 0x00007ff8de709000 	C:\WINDOWS\System32\gdi32full.dll
0x00007ff8de710000 - 0x00007ff8de7aa000 	C:\WINDOWS\System32\msvcp_win.dll
0x00007ff8e0290000 - 0x00007ff8e02c1000 	C:\WINDOWS\System32\IMM32.DLL
0x00007fff76890000 - 0x00007fff7692b000 	C:\Program Files\Microsoft\jdk-11.0.16.101-hotspot\bin\msvcp140.dll
0x00007fff60f40000 - 0x00007fff61aca000 	C:\Program Files\Microsoft\jdk-11.0.16.101-hotspot\bin\server\jvm.dll
0x00007ff8dfe30000 - 0x00007ff8dfee2000 	C:\WINDOWS\System32\ADVAPI32.dll
0x00007ff8decd0000 - 0x00007ff8ded78000 	C:\WINDOWS\System32\sechost.dll
0x00007ff8de480000 - 0x00007ff8de4a8000 	C:\WINDOWS\System32\bcrypt.dll
0x00007ff8dfb60000 - 0x00007ff8dfc75000 	C:\WINDOWS\System32\RPCRT4.dll
0x00007ff8e0eb0000 - 0x00007ff8e0eb8000 	C:\WINDOWS\System32\PSAPI.DLL
0x00007ff8c1150000 - 0x00007ff8c1184000 	C:\WINDOWS\SYSTEM32\WINMM.dll
0x00007ff8c9a80000 - 0x00007ff8c9a89000 	C:\WINDOWS\SYSTEM32\WSOCK32.dll
0x00007ff8d3dd0000 - 0x00007ff8d3dda000 	C:\WINDOWS\SYSTEM32\VERSION.dll
0x00007ff8dfa30000 - 0x00007ff8dfaa1000 	C:\WINDOWS\System32\WS2_32.dll
0x00007ff8dd3a0000 - 0x00007ff8dd3b8000 	C:\WINDOWS\SYSTEM32\kernel.appcore.dll
0x00007ff8cb6f0000 - 0x00007ff8cb700000 	C:\Program Files\Microsoft\jdk-11.0.16.101-hotspot\bin\verify.dll
0x00007ff8dbc60000 - 0x00007ff8dbe93000 	C:\WINDOWS\SYSTEM32\DBGHELP.DLL
0x00007ff8dff00000 - 0x00007ff8e0288000 	C:\WINDOWS\System32\combase.dll
0x00007ff8dfc80000 - 0x00007ff8dfd57000 	C:\WINDOWS\System32\OLEAUT32.dll
0x00007ff8b5ac0000 - 0x00007ff8b5af2000 	C:\WINDOWS\SYSTEM32\dbgcore.DLL
0x00007ff8de4b0000 - 0x00007ff8de529000 	C:\WINDOWS\System32\bcryptPrimitives.dll
0x00007fff7f690000 - 0x00007fff7f6b8000 	C:\Program Files\Microsoft\jdk-11.0.16.101-hotspot\bin\java.dll
0x00007ff8b5d20000 - 0x00007ff8b5d2a000 	C:\Program Files\Microsoft\jdk-11.0.16.101-hotspot\bin\jimage.dll
0x00007fffd54f0000 - 0x00007fffd5508000 	C:\Program Files\Microsoft\jdk-11.0.16.101-hotspot\bin\zip.dll

dbghelp: loaded successfully - version: 4.0.5 - missing functions: none
symbol engine: initialized successfully - sym options: 0x614 - pdb path: .;C:\Program Files\Microsoft\jdk-11.0.16.101-hotspot\bin;C:\WINDOWS\SYSTEM32;C:\WINDOWS\WinSxS\amd64_microsoft.windows.common-controls_6595b64144ccf1df_6.0.22621.3235_none_270f74e173860f98;C:\Program Files\Microsoft\jdk-11.0.16.101-hotspot\bin\server

VM Arguments:
java_command: <unknown>
java_class_path (initial): <not set>
Launcher Type: SUN_STANDARD

[Global flags]
     intx CICompilerCount                          = 4                                         {product} {ergonomic}
     uint ConcGCThreads                            = 3                                         {product} {ergonomic}
     uint G1ConcRefinementThreads                  = 10                                        {product} {ergonomic}
   size_t G1HeapRegionSize                         = 2097152                                   {product} {ergonomic}
    uintx GCDrainStackTargetSize                   = 64                                        {product} {ergonomic}
   size_t InitialHeapSize                          = 532676608                                 {product} {ergonomic}
   size_t MarkStackSize                            = 4194304                                   {product} {ergonomic}
   size_t MaxHeapSize                              = 8512339968                                {product} {ergonomic}
   size_t MinHeapDeltaBytes                        = 2097152                                   {product} {ergonomic}
    uintx NonNMethodCodeHeapSize                   = 5836300                                {pd product} {ergonomic}
    uintx NonProfiledCodeHeapSize                  = 122910970                              {pd product} {ergonomic}
    uintx ProfiledCodeHeapSize                     = 122910970                              {pd product} {ergonomic}
    uintx ReservedCodeCacheSize                    = 251658240                              {pd product} {ergonomic}
     bool SegmentedCodeCache                       = true                                      {product} {ergonomic}
     bool UseCompressedClassPointers               = true                                 {lp64_product} {ergonomic}
     bool UseCompressedOops                        = true                                 {lp64_product} {ergonomic}
     bool UseG1GC                                  = true                                      {product} {ergonomic}
     bool UseLargePagesIndividualAllocation        = false                                  {pd product} {ergonomic}

Logging:
Log output configuration:
 #0: stdout all=warning uptime,level,tags
 #1: stderr all=off uptime,level,tags

Environment Variables:
PATH=C:\Program Files\Microsoft\jdk-11.0.16.101-hotspot\bin;C:\Program Files (x86)\Embarcadero\Studio\22.0\bin;C:\Users\Public\Documents\Embarcadero\Studio\22.0\Bpl;C:\Program Files (x86)\Embarcadero\Studio\22.0\bin64;C:\Users\Public\Documents\Embarcadero\Studio\22.0\Bpl\Win64;C:\Program Files (x86)\Common Files\Oracle\Java\javapath;C:\ProgramData\Oracle\Java\javapath;C:\Windows\system32;C:\Windows;C:\Windows\System32\Wbem;C:\Windows\System32\WindowsPowerShell\v1.0\;C:\Windows\System32\OpenSSH\;C:\Program Files\Microsoft SQL Server\150\Tools\Binn\;C:\Program Files\Microsoft SQL Server\Client SDK\ODBC\170\Tools\Binn\;C:\WINDOWS\system32;C:\WINDOWS;C:\WINDOWS\System32\Wbem;C:\WINDOWS\System32\WindowsPowerShell\v1.0\;C:\WINDOWS\System32\OpenSSH\;C:\Program Files\dotnet\;C:\Program Files\WireGuard\;C:\WINDOWS\system32;C:\WINDOWS;C:\WINDOWS\System32\Wbem;C:\WINDOWS\System32\WindowsPowerShell\v1.0\;C:\WINDOWS\System32\OpenSSH\;C:\Program Files\NVIDIA Corporation\NVIDIA NvDLISR;C:\Program Files (x86)\NVIDIA Corporation\PhysX\Common;C:\Program Files (x86)\Incredibuild;C:\Program Files (x86)\Microsoft SQL Server\160\Tools\Binn\;C:\Program Files\Microsoft SQL Server\160\Tools\Binn\;C:\Program Files\Microsoft SQL Server\160\DTS\Binn\;C:\Program Files (x86)\Microsoft SQL Server\160\DTS\Binn\;C:\Program Files\Git\cmd;C:\Users\User\AppData\Local\Microsoft\WindowsApps;C:\Users\User\.dotnet\tools;C:\Users\User\AppData\Local\Programs\Microsoft VS Code\bin;C:\Users\User\AppData\Local\GitHubDesktop\bin
USERNAME=User
OS=Windows_NT
PROCESSOR_IDENTIFIER=Intel64 Family 6 Model 141 Stepping 1, GenuineIntel
TMP=C:\Users\User\AppData\Local\Temp
TEMP=C:\Users\User\AppData\Local\Temp



---------------  S Y S T E M  ---------------

OS: Windows 11 , 64 bit Build 22621 (10.0.22621.3374)
OS uptime: 0 days 13:31 hours

CPU:total 12 (initial active 12) (6 cores per cpu, 2 threads per core) family 6 model 141 stepping 1 microcode 0x26, cmov, cx8, fxsr, mmx, sse, sse2, sse3, ssse3, sse4.1, sse4.2, popcnt, avx, avx2, aes, clmul, erms, 3dnowpref, lzcnt, ht, tsc, tscinvbit, bmi1, bmi2, adx, evex, sha, fma

Memory: 4k page, system-wide physical 32469M (11682M free)
TotalPageFile size 32469M (AvailPageFile size 102M)
current process WorkingSet (physical memory assigned to process): 11M, peak: 11M
current process commit charge ("private bytes"): 65M, peak: 573M

vm_info: OpenJDK 64-Bit Server VM (11.0.16.1+1-LTS) for windows-amd64 JRE (11.0.16.1+1-LTS), built on Aug 20 2022 20:09:04 by "" with MS VC++ 15.9 (VS2017)

END.
